<?xml version="1.0" encoding="UTF-8"?>
<testng-results total="2" passed="2" failed="0" skipped="0">
  <reporter-output>
  </reporter-output>
  <suite started-at="2021-08-11T02:41:13Z" name="Suite" finished-at="2021-08-11T02:41:26Z" duration-ms="13859">
    <groups>
    </groups>
    <test started-at="2021-08-11T02:41:13Z" name="Test" finished-at="2021-08-11T02:41:26Z" duration-ms="13859">
      <class name="com.automationtalks.demoproject1.testclass1">
        <test-method is-config="true" signature="launchDriver()[pri:0, instance:com.automationtalks.demoproject1.testclass1@2a225dd7]" started-at="2021-08-11T09:41:13Z" name="launchDriver" finished-at="2021-08-11T09:41:15Z" duration-ms="1861" status="PASS">
          <reporter-output>
          </reporter-output>
        </test-method> <!-- launchDriver -->
        <test-method signature="Test2()[pri:0, instance:com.automationtalks.demoproject1.testclass1@2a225dd7]" started-at="2021-08-11T09:41:15Z" name="Test2" finished-at="2021-08-11T09:41:22Z" duration-ms="7504" status="PASS">
          <reporter-output>
          </reporter-output>
        </test-method> <!-- Test2 -->
        <test-method is-config="true" signature="quit()[pri:0, instance:com.automationtalks.demoproject1.testclass1@2a225dd7]" started-at="2021-08-11T09:41:22Z" name="quit" finished-at="2021-08-11T09:41:22Z" duration-ms="136" status="PASS">
          <reporter-output>
          </reporter-output>
        </test-method> <!-- quit -->
        <test-method is-config="true" signature="launchDriver()[pri:0, instance:com.automationtalks.demoproject1.testclass1@2a225dd7]" started-at="2021-08-11T09:41:22Z" name="launchDriver" finished-at="2021-08-11T09:41:23Z" duration-ms="848" status="PASS">
          <reporter-output>
          </reporter-output>
        </test-method> <!-- launchDriver -->
        <test-method signature="test1()[pri:0, instance:com.automationtalks.demoproject1.testclass1@2a225dd7]" started-at="2021-08-11T09:41:23Z" name="test1" finished-at="2021-08-11T09:41:26Z" duration-ms="3345" status="PASS">
          <reporter-output>
          </reporter-output>
        </test-method> <!-- test1 -->
        <test-method is-config="true" signature="quit()[pri:0, instance:com.automationtalks.demoproject1.testclass1@2a225dd7]" started-at="2021-08-11T09:41:26Z" name="quit" finished-at="2021-08-11T09:41:26Z" duration-ms="152" status="PASS">
          <reporter-output>
          </reporter-output>
        </test-method> <!-- quit -->
      </class> <!-- com.automationtalks.demoproject1.testclass1 -->
    </test> <!-- Test -->
  </suite> <!-- Suite -->
</testng-results>
