<?xml version="1.0" encoding="UTF-8"?>
<testng-results ignored="0" total="2" passed="2" failed="0" skipped="0">
  <reporter-output>
  </reporter-output>
  <suite started-at="2021-08-10T16:45:55 ICT" name="Suite" finished-at="2021-08-10T16:46:05 ICT" duration-ms="9208">
    <groups>
    </groups>
    <test started-at="2021-08-10T16:45:55 ICT" name="Test" finished-at="2021-08-10T16:46:05 ICT" duration-ms="9208">
      <class name="com.automationtalks.demoproject1.testclass1">
        <test-method is-config="true" signature="launchDriver()[pri:0, instance:com.automationtalks.demoproject1.testclass1@19d481b]" started-at="2021-08-10T16:45:55 ICT" name="launchDriver" finished-at="2021-08-10T16:45:57 ICT" duration-ms="1187" status="PASS">
          <reporter-output>
          </reporter-output>
        </test-method> <!-- launchDriver -->
        <test-method signature="Test2()[pri:0, instance:com.automationtalks.demoproject1.testclass1@19d481b]" started-at="2021-08-10T16:45:57 ICT" name="Test2" finished-at="2021-08-10T16:46:01 ICT" duration-ms="3880" status="PASS">
          <reporter-output>
          </reporter-output>
        </test-method> <!-- Test2 -->
        <test-method is-config="true" signature="quit()[pri:0, instance:com.automationtalks.demoproject1.testclass1@19d481b]" started-at="2021-08-10T16:46:01 ICT" name="quit" finished-at="2021-08-10T16:46:01 ICT" duration-ms="133" status="PASS">
          <reporter-output>
          </reporter-output>
        </test-method> <!-- quit -->
        <test-method is-config="true" signature="launchDriver()[pri:0, instance:com.automationtalks.demoproject1.testclass1@19d481b]" started-at="2021-08-10T16:46:01 ICT" name="launchDriver" finished-at="2021-08-10T16:46:01 ICT" duration-ms="704" status="PASS">
          <reporter-output>
          </reporter-output>
        </test-method> <!-- launchDriver -->
        <test-method signature="test1()[pri:0, instance:com.automationtalks.demoproject1.testclass1@19d481b]" started-at="2021-08-10T16:46:01 ICT" name="test1" finished-at="2021-08-10T16:46:04 ICT" duration-ms="3128" status="PASS">
          <reporter-output>
          </reporter-output>
        </test-method> <!-- test1 -->
        <test-method is-config="true" signature="quit()[pri:0, instance:com.automationtalks.demoproject1.testclass1@19d481b]" started-at="2021-08-10T16:46:04 ICT" name="quit" finished-at="2021-08-10T16:46:05 ICT" duration-ms="140" status="PASS">
          <reporter-output>
          </reporter-output>
        </test-method> <!-- quit -->
      </class> <!-- com.automationtalks.demoproject1.testclass1 -->
    </test> <!-- Test -->
  </suite> <!-- Suite -->
</testng-results>
